TN:
SF:src/App.tsx
FN:40,App
FN:81,(anonymous_2)
FN:83,(anonymous_3)
FN:92,(anonymous_4)
FN:99,(anonymous_5)
FN:106,(anonymous_6)
FN:123,(anonymous_7)
FN:125,(anonymous_8)
FN:138,(anonymous_9)
FN:141,(anonymous_10)
FN:146,(anonymous_11)
FN:150,(anonymous_12)
FN:160,(anonymous_13)
FN:161,(anonymous_14)
FN:162,(anonymous_15)
FN:162,(anonymous_16)
FN:168,(anonymous_17)
FN:171,(anonymous_18)
FN:172,(anonymous_19)
FN:175,(anonymous_20)
FN:179,(anonymous_21)
FN:181,(anonymous_22)
FN:187,(anonymous_23)
FN:191,(anonymous_24)
FN:195,(anonymous_25)
FN:203,(anonymous_26)
FN:216,(anonymous_27)
FN:227,(anonymous_28)
FN:228,(anonymous_29)
FN:236,(anonymous_30)
FN:242,(anonymous_31)
FN:255,(anonymous_32)
FN:261,(anonymous_33)
FN:263,(anonymous_34)
FN:284,(anonymous_35)
FN:286,(anonymous_36)
FN:290,(anonymous_37)
FN:300,(anonymous_38)
FN:301,(anonymous_39)
FN:307,(anonymous_40)
FN:308,(anonymous_41)
FN:319,(anonymous_42)
FN:339,(anonymous_43)
FN:342,(anonymous_44)
FN:353,(anonymous_45)
FN:366,(anonymous_46)
FN:389,(anonymous_47)
FN:394,(anonymous_48)
FN:406,(anonymous_49)
FN:428,(anonymous_50)
FN:438,(anonymous_51)
FN:445,(anonymous_52)
FN:448,(anonymous_53)
FN:479,(anonymous_54)
FN:486,(anonymous_55)
FN:509,(anonymous_56)
FN:534,(anonymous_57)
FN:601,(anonymous_58)
FN:605,(anonymous_59)
FN:709,(anonymous_60)
FNF:60
FNH:19
FNDA:44,App
FNDA:2,(anonymous_2)
FNDA:0,(anonymous_3)
FNDA:0,(anonymous_4)
FNDA:2,(anonymous_5)
FNDA:2,(anonymous_6)
FNDA:2,(anonymous_7)
FNDA:2,(anonymous_8)
FNDA:2,(anonymous_9)
FNDA:0,(anonymous_10)
FNDA:0,(anonymous_11)
FNDA:0,(anonymous_12)
FNDA:0,(anonymous_13)
FNDA:0,(anonymous_14)
FNDA:0,(anonymous_15)
FNDA:0,(anonymous_16)
FNDA:0,(anonymous_17)
FNDA:1,(anonymous_18)
FNDA:4,(anonymous_19)
FNDA:0,(anonymous_20)
FNDA:0,(anonymous_21)
FNDA:0,(anonymous_22)
FNDA:0,(anonymous_23)
FNDA:2,(anonymous_24)
FNDA:1,(anonymous_25)
FNDA:0,(anonymous_26)
FNDA:0,(anonymous_27)
FNDA:0,(anonymous_28)
FNDA:0,(anonymous_29)
FNDA:0,(anonymous_30)
FNDA:0,(anonymous_31)
FNDA:0,(anonymous_32)
FNDA:0,(anonymous_33)
FNDA:0,(anonymous_34)
FNDA:0,(anonymous_35)
FNDA:0,(anonymous_36)
FNDA:0,(anonymous_37)
FNDA:0,(anonymous_38)
FNDA:0,(anonymous_39)
FNDA:0,(anonymous_40)
FNDA:0,(anonymous_41)
FNDA:0,(anonymous_42)
FNDA:0,(anonymous_43)
FNDA:0,(anonymous_44)
FNDA:0,(anonymous_45)
FNDA:12,(anonymous_46)
FNDA:1,(anonymous_47)
FNDA:1,(anonymous_48)
FNDA:111,(anonymous_49)
FNDA:0,(anonymous_50)
FNDA:12,(anonymous_51)
FNDA:165,(anonymous_52)
FNDA:0,(anonymous_53)
FNDA:0,(anonymous_54)
FNDA:0,(anonymous_55)
FNDA:1,(anonymous_56)
FNDA:0,(anonymous_57)
FNDA:3,(anonymous_58)
FNDA:0,(anonymous_59)
FNDA:0,(anonymous_60)
DA:1,4
DA:2,4
DA:3,4
DA:4,4
DA:5,4
DA:6,4
DA:7,4
DA:8,4
DA:9,4
DA:10,4
DA:11,4
DA:12,4
DA:13,4
DA:14,4
DA:15,4
DA:16,4
DA:17,4
DA:18,4
DA:19,4
DA:20,4
DA:21,4
DA:22,4
DA:23,4
DA:24,4
DA:25,4
DA:36,4
DA:37,4
DA:38,4
DA:41,44
DA:42,44
DA:43,44
DA:44,44
DA:45,44
DA:47,44
DA:48,44
DA:49,44
DA:50,44
DA:51,44
DA:52,44
DA:54,44
DA:55,44
DA:57,44
DA:58,44
DA:60,44
DA:61,44
DA:62,44
DA:63,44
DA:64,44
DA:65,44
DA:70,44
DA:71,44
DA:73,44
DA:81,44
DA:82,2
DA:83,2
DA:84,0
DA:85,0
DA:92,44
DA:93,0
DA:99,44
DA:100,2
DA:106,44
DA:107,2
DA:108,2
DA:109,2
DA:110,2
DA:111,2
DA:122,2
DA:124,2
DA:125,2
DA:134,2
DA:135,2
DA:138,2
DA:141,44
DA:142,0
DA:143,0
DA:146,0
DA:150,44
DA:151,0
DA:152,0
DA:153,0
DA:155,0
DA:156,0
DA:157,0
DA:161,0
DA:162,0
DA:163,0
DA:164,0
DA:165,0
DA:168,0
DA:171,44
DA:172,4
DA:175,44
DA:176,0
DA:179,44
DA:180,0
DA:181,0
DA:183,0
DA:187,44
DA:188,0
DA:191,44
DA:192,2
DA:195,44
DA:196,1
DA:197,1
DA:198,1
DA:199,1
DA:200,1
DA:203,44
DA:204,0
DA:216,44
DA:217,0
DA:219,0
DA:220,0
DA:221,0
DA:222,0
DA:223,0
DA:227,44
DA:228,0
DA:229,0
DA:230,0
DA:231,0
DA:232,0
DA:236,44
DA:238,0
DA:239,0
DA:240,0
DA:241,0
DA:242,0
DA:243,0
DA:245,0
DA:248,0
DA:249,0
DA:250,0
DA:252,0
DA:255,44
DA:256,0
DA:257,0
DA:258,0
DA:262,0
DA:263,0
DA:277,0
DA:278,0
DA:279,0
DA:281,0
DA:284,0
DA:286,0
DA:290,44
DA:299,0
DA:300,0
DA:301,0
DA:302,0
DA:304,0
DA:307,0
DA:308,0
DA:309,0
DA:310,0
DA:312,0
DA:315,0
DA:316,0
DA:319,44
DA:322,0
DA:323,0
DA:325,0
DA:326,0
DA:329,0
DA:330,0
DA:339,44
DA:341,0
DA:342,0
DA:343,0
DA:344,0
DA:345,0
DA:347,0
DA:349,0
DA:352,0
DA:353,0
DA:354,0
DA:355,0
DA:356,0
DA:358,0
DA:360,0
DA:362,0
DA:366,44
DA:367,12
DA:368,12
DA:369,12
DA:370,12
DA:371,12
DA:375,44
DA:389,1
DA:394,1
DA:407,111
DA:428,0
DA:439,12
DA:446,165
DA:448,0
DA:479,0
DA:486,0
DA:509,1
DA:535,0
DA:602,3
DA:605,0
DA:709,0
DA:832,4
LF:205
LH:108
BRDA:82,0,0,0
BRDA:82,1,0,2
BRDA:82,1,1,2
BRDA:82,1,2,0
BRDA:86,2,0,0
BRDA:86,2,1,0
BRDA:87,3,0,0
BRDA:87,3,1,0
BRDA:107,4,0,0
BRDA:107,5,0,2
BRDA:107,5,1,2
BRDA:114,6,0,2
BRDA:114,6,1,0
BRDA:115,7,0,0
BRDA:115,7,1,2
BRDA:116,8,0,0
BRDA:116,8,1,2
BRDA:117,9,0,0
BRDA:117,9,1,2
BRDA:142,10,0,0
BRDA:142,10,1,0
BRDA:151,11,0,0
BRDA:151,12,0,0
BRDA:151,12,1,0
BRDA:151,12,2,0
BRDA:151,12,3,0
BRDA:180,13,0,0
BRDA:180,13,1,0
BRDA:221,14,0,0
BRDA:230,15,0,0
BRDA:231,16,0,0
BRDA:238,17,0,0
BRDA:249,18,0,0
BRDA:256,19,0,0
BRDA:256,19,1,0
BRDA:277,20,0,0
BRDA:301,21,0,0
BRDA:309,22,0,0
BRDA:322,23,0,0
BRDA:325,24,0,0
BRDA:343,25,0,0
BRDA:344,26,0,0
BRDA:344,26,1,0
BRDA:354,27,0,0
BRDA:355,28,0,0
BRDA:355,28,1,0
BRDA:369,29,0,12
BRDA:369,30,0,12
BRDA:369,30,1,0
BRDA:404,31,0,44
BRDA:404,31,1,37
BRDA:419,32,0,44
BRDA:419,32,1,7
BRDA:435,33,0,7
BRDA:435,33,1,3
BRDA:515,34,0,44
BRDA:515,34,1,1
BRDA:533,35,0,1
BRDA:533,35,1,0
BRDA:537,36,0,0
BRDA:537,36,1,0
BRDA:551,37,0,2
BRDA:551,37,1,42
BRDA:566,38,0,44
BRDA:566,38,1,3
BRDA:573,39,0,3
BRDA:573,39,1,0
BRDA:576,40,0,0
BRDA:576,40,1,0
BRDA:584,41,0,3
BRDA:584,41,1,0
BRDA:610,42,0,3
BRDA:610,42,1,0
BRDA:613,43,0,3
BRDA:613,43,1,0
BRDA:628,44,0,3
BRDA:628,44,1,0
BRDA:628,45,0,3
BRDA:628,45,1,3
BRDA:629,46,0,0
BRDA:629,46,1,3
BRDA:629,47,0,3
BRDA:629,47,1,3
BRDA:630,48,0,0
BRDA:630,48,1,3
BRDA:630,49,0,3
BRDA:630,49,1,0
BRDA:635,50,0,3
BRDA:635,50,1,0
BRDA:637,51,0,3
BRDA:637,51,1,3
BRDA:643,52,0,3
BRDA:643,52,1,0
BRDA:649,53,0,3
BRDA:649,53,1,0
BRDA:655,54,0,3
BRDA:655,54,1,0
BRDA:666,55,0,3
BRDA:666,55,1,0
BRDA:689,56,0,0
BRDA:689,56,1,44
BRDA:691,57,0,0
BRDA:691,57,1,44
BRDA:717,58,0,0
BRDA:717,58,1,44
BRDA:724,59,0,44
BRDA:724,59,1,0
BRDA:731,60,0,44
BRDA:731,60,1,3
BRDA:737,61,0,44
BRDA:737,61,1,3
BRDA:743,62,0,44
BRDA:743,62,1,3
BRDA:743,63,0,0
BRDA:743,63,1,3
BRDA:751,64,0,44
BRDA:751,64,1,41
BRDA:774,65,0,44
BRDA:774,65,1,0
BRDA:785,66,0,0
BRDA:785,66,1,0
BRDA:804,67,0,44
BRDA:804,67,1,41
BRDA:810,68,0,44
BRDA:810,68,1,0
BRDA:810,68,2,0
BRDA:818,69,0,44
BRDA:818,69,1,0
BRDA:818,69,2,0
BRF:129
BRH:60
end_of_record
TN:
SF:src/types.ts
FN:85,(anonymous_0)
FN:121,(anonymous_1)
FN:126,(anonymous_2)
FNF:3
FNH:3
FNDA:7,(anonymous_0)
FNDA:7,(anonymous_1)
FNDA:7,(anonymous_2)
DA:85,7
DA:86,7
DA:87,7
DA:88,7
DA:89,7
DA:90,7
DA:121,7
DA:122,7
DA:123,7
DA:126,7
DA:127,7
DA:128,7
DA:129,7
DA:130,7
DA:131,7
LF:15
LH:15
BRDA:85,0,0,7
BRDA:85,0,1,7
BRDA:121,1,0,7
BRDA:121,1,1,7
BRDA:126,2,0,7
BRDA:126,2,1,7
BRF:6
BRH:6
end_of_record
TN:
SF:src/components/InfoIcon.tsx
FN:7,(anonymous_0)
FNF:1
FNH:1
FNDA:1,(anonymous_0)
DA:7,1
DA:8,1
DA:9,1
DA:26,1
LF:4
LH:4
BRF:0
BRH:0
end_of_record
TN:
SF:src/components/PaperOperations.tsx
FN:46,(anonymous_1)
FN:91,(anonymous_2)
FN:106,(anonymous_3)
FN:107,(anonymous_4)
FN:110,(anonymous_5)
FN:111,(anonymous_6)
FN:131,(anonymous_7)
FN:146,(anonymous_8)
FN:161,(anonymous_9)
FN:166,(anonymous_10)
FN:168,(anonymous_11)
FN:169,(anonymous_12)
FN:176,(anonymous_13)
FN:184,(anonymous_14)
FN:190,(anonymous_15)
FN:194,(anonymous_16)
FN:203,(anonymous_17)
FN:209,(anonymous_18)
FN:210,(anonymous_19)
FN:220,(anonymous_20)
FN:221,(anonymous_21)
FN:231,(anonymous_22)
FN:238,(anonymous_23)
FN:249,(anonymous_24)
FN:251,(anonymous_25)
FN:255,(anonymous_26)
FN:258,(anonymous_27)
FN:262,(anonymous_28)
FN:271,(anonymous_29)
FN:274,(anonymous_30)
FN:275,(anonymous_31)
FN:281,(anonymous_32)
FN:284,(anonymous_33)
FN:299,(anonymous_34)
FN:306,(anonymous_35)
FN:318,(anonymous_36)
FN:332,(anonymous_37)
FN:340,(anonymous_38)
FN:341,(anonymous_39)
FN:348,(anonymous_40)
FN:352,(anonymous_41)
FN:353,(anonymous_42)
FN:354,(anonymous_43)
FN:399,(anonymous_44)
FN:431,(anonymous_45)
FN:438,(anonymous_46)
FN:468,(anonymous_47)
FN:476,(anonymous_48)
FN:483,(anonymous_49)
FN:501,(anonymous_50)
FN:510,(anonymous_51)
FN:511,(anonymous_52)
FN:517,(anonymous_53)
FN:521,(anonymous_54)
FN:531,(anonymous_55)
FN:544,(anonymous_56)
FNF:56
FNH:42
FNDA:68,(anonymous_1)
FNDA:340,(anonymous_2)
FNDA:340,(anonymous_3)
FNDA:6,(anonymous_4)
FNDA:64,(anonymous_5)
FNDA:5,(anonymous_6)
FNDA:64,(anonymous_7)
FNDA:64,(anonymous_8)
FNDA:2,(anonymous_9)
FNDA:2,(anonymous_10)
FNDA:16,(anonymous_11)
FNDA:16,(anonymous_12)
FNDA:0,(anonymous_13)
FNDA:2,(anonymous_14)
FNDA:8,(anonymous_15)
FNDA:2,(anonymous_16)
FNDA:2,(anonymous_17)
FNDA:1,(anonymous_18)
FNDA:4,(anonymous_19)
FNDA:1,(anonymous_20)
FNDA:4,(anonymous_21)
FNDA:2,(anonymous_22)
FNDA:1,(anonymous_23)
FNDA:1,(anonymous_24)
FNDA:4,(anonymous_25)
FNDA:1,(anonymous_26)
FNDA:0,(anonymous_27)
FNDA:0,(anonymous_28)
FNDA:0,(anonymous_29)
FNDA:0,(anonymous_30)
FNDA:0,(anonymous_31)
FNDA:0,(anonymous_32)
FNDA:0,(anonymous_33)
FNDA:0,(anonymous_34)
FNDA:0,(anonymous_35)
FNDA:0,(anonymous_36)
FNDA:0,(anonymous_37)
FNDA:52,(anonymous_38)
FNDA:52,(anonymous_39)
FNDA:2,(anonymous_40)
FNDA:1,(anonymous_41)
FNDA:1,(anonymous_42)
FNDA:1,(anonymous_43)
FNDA:340,(anonymous_44)
FNDA:1,(anonymous_45)
FNDA:1,(anonymous_46)
FNDA:4,(anonymous_47)
FNDA:40,(anonymous_48)
FNDA:12,(anonymous_49)
FNDA:3,(anonymous_50)
FNDA:21,(anonymous_51)
FNDA:105,(anonymous_52)
FNDA:9,(anonymous_53)
FNDA:0,(anonymous_54)
FNDA:9,(anonymous_55)
FNDA:0,(anonymous_56)
DA:1,5
DA:2,5
DA:3,5
DA:4,5
DA:5,5
DA:6,5
DA:7,5
DA:8,5
DA:9,5
DA:10,5
DA:11,5
DA:12,5
DA:14,5
DA:15,5
DA:16,5
DA:17,5
DA:18,5
DA:19,5
DA:20,5
DA:21,5
DA:22,5
DA:23,5
DA:24,5
DA:25,5
DA:26,5
DA:27,5
DA:46,5
DA:55,68
DA:57,68
DA:58,68
DA:59,68
DA:60,68
DA:61,68
DA:63,68
DA:91,68
DA:92,340
DA:94,68
DA:96,68
DA:98,68
DA:100,68
DA:102,68
DA:106,68
DA:107,340
DA:110,68
DA:111,64
DA:112,5
DA:114,2
DA:115,2
DA:117,1
DA:118,1
DA:120,1
DA:121,1
DA:123,1
DA:124,1
DA:126,0
DA:131,68
DA:132,64
DA:134,4
DA:136,2
DA:138,2
DA:140,1
DA:142,55
DA:146,68
DA:147,64
DA:149,4
DA:151,2
DA:153,2
DA:155,1
DA:157,55
DA:161,68
DA:162,2
DA:163,2
DA:167,2
DA:168,2
DA:169,16
DA:170,16
DA:175,2
DA:176,2
DA:181,2
DA:185,2
DA:186,2
DA:190,68
DA:191,8
DA:194,68
DA:195,2
DA:196,2
DA:197,2
DA:198,2
DA:204,2
DA:205,2
DA:207,2
DA:208,1
DA:209,1
DA:210,4
DA:211,1
DA:212,0
DA:213,0
DA:216,1
DA:218,1
DA:219,1
DA:220,1
DA:221,4
DA:222,1
DA:223,0
DA:224,0
DA:227,1
DA:232,2
DA:233,2
DA:234,2
DA:238,68
DA:243,1
DA:250,1
DA:251,4
DA:252,1
DA:255,1
DA:258,68
DA:259,0
DA:262,68
DA:263,0
DA:264,0
DA:265,0
DA:273,0
DA:274,0
DA:275,0
DA:276,0
DA:278,0
DA:281,0
DA:284,68
DA:287,0
DA:288,0
DA:289,0
DA:290,0
DA:291,0
DA:292,0
DA:295,0
DA:298,0
DA:299,0
DA:300,0
DA:301,0
DA:302,0
DA:305,0
DA:306,0
DA:307,0
DA:311,0
DA:312,0
DA:313,0
DA:315,0
DA:318,68
DA:319,0
DA:320,0
DA:321,0
DA:323,0
DA:332,68
DA:333,0
DA:334,0
DA:335,0
DA:337,0
DA:340,68
DA:341,52
DA:342,52
DA:343,0
DA:345,52
DA:348,68
DA:350,2
DA:351,1
DA:352,1
DA:353,1
DA:354,1
DA:358,2
DA:364,68
DA:372,68
DA:400,340
DA:431,1
DA:438,1
DA:469,4
DA:476,40
DA:483,12
DA:502,3
DA:511,105
DA:512,21
DA:513,9
DA:518,9
DA:522,0
DA:523,0
DA:524,0
DA:532,9
DA:545,0
DA:546,0
DA:547,0
DA:606,5
LF:190
LH:141
BRDA:57,0,0,68
BRDA:57,0,1,25
BRDA:92,1,0,68
BRDA:92,1,1,68
BRDA:92,1,2,68
BRDA:92,1,3,68
BRDA:92,1,4,68
BRDA:112,2,0,2
BRDA:112,2,1,1
BRDA:112,2,2,1
BRDA:112,2,3,1
BRDA:112,2,4,0
BRDA:132,3,0,4
BRDA:132,3,1,2
BRDA:132,3,2,2
BRDA:132,3,3,1
BRDA:132,3,4,55
BRDA:147,4,0,4
BRDA:147,4,1,2
BRDA:147,4,2,2
BRDA:147,4,3,1
BRDA:147,4,4,55
BRDA:195,5,0,0
BRDA:207,6,0,1
BRDA:207,6,1,1
BRDA:211,7,0,0
BRDA:218,8,0,1
BRDA:222,9,0,0
BRDA:263,10,0,0
BRDA:289,11,0,0
BRDA:295,12,0,0
BRDA:300,13,0,0
BRDA:300,14,0,0
BRDA:300,14,1,0
BRDA:305,15,0,0
BRDA:311,16,0,0
BRDA:319,17,0,0
BRDA:333,18,0,0
BRDA:342,19,0,52
BRDA:350,20,0,1
BRDA:350,21,0,2
BRDA:350,21,1,1
BRDA:350,21,2,1
BRDA:380,22,0,43
BRDA:380,22,1,25
BRDA:415,23,0,68
BRDA:415,23,1,4
BRDA:468,24,0,4
BRDA:468,24,1,4
BRDA:468,24,2,4
BRDA:492,25,0,4
BRDA:492,25,1,3
BRDA:492,25,2,3
BRDA:510,26,0,3
BRDA:510,26,1,3
BRDA:512,27,0,9
BRDA:520,28,0,9
BRDA:520,28,1,9
BRDA:532,29,0,0
BRDA:539,30,0,9
BRDA:539,30,1,6
BRDA:543,31,0,6
BRDA:543,31,1,6
BRDA:569,32,0,0
BRDA:569,32,1,4
BRDA:577,33,0,68
BRDA:577,33,1,64
BRDA:590,34,0,64
BRDA:590,34,1,60
BRDA:593,35,0,4
BRDA:593,35,1,60
BRF:71
BRH:55
end_of_record
TN:
SF:src/components/SearchAppBar.tsx
FN:8,(anonymous_0)
FN:19,(anonymous_1)
FN:29,(anonymous_2)
FNF:3
FNH:2
FNDA:44,(anonymous_0)
FNDA:0,(anonymous_1)
FNDA:2,(anonymous_2)
DA:1,4
DA:8,4
DA:9,44
DA:10,44
DA:19,0
DA:29,2
DA:36,4
LF:7
LH:6
BRF:0
BRH:0
end_of_record
TN:
SF:src/components/SearchHistoryHeaderCard.tsx
FN:7,(anonymous_0)
FNF:1
FNH:1
FNDA:2,(anonymous_0)
DA:7,5
DA:8,2
DA:10,2
DA:11,1
DA:14,1
DA:46,5
LF:6
LH:6
BRDA:10,0,0,1
BRDA:19,1,0,1
BRDA:19,1,1,1
BRDA:25,2,0,1
BRDA:25,2,1,0
BRDA:31,3,0,1
BRDA:31,3,1,0
BRDA:37,4,0,1
BRDA:37,4,1,0
BRF:9
BRH:6
end_of_record
TN:
SF:src/components/SearchTermAutocomplete.tsx
FN:17,(anonymous_1)
FN:40,(anonymous_2)
FN:43,(anonymous_3)
FN:44,(anonymous_4)
FN:45,(anonymous_5)
FN:58,(anonymous_6)
FNF:6
FNH:6
FNDA:116,(anonymous_1)
FNDA:1,(anonymous_2)
FNDA:8,(anonymous_3)
FNDA:8,(anonymous_4)
FNDA:8,(anonymous_5)
FNDA:163,(anonymous_6)
DA:1,5
DA:2,5
DA:4,5
DA:5,5
DA:17,5
DA:25,116
DA:27,115
DA:28,115
DA:30,115
DA:41,1
DA:43,8
DA:45,8
DA:46,8
DA:59,163
DA:72,5
LF:15
LH:15
BRDA:64,0,0,155
BRDA:64,0,1,8
BRF:2
BRH:2
end_of_record
TN:
SF:src/components/SearchTermChip.tsx
FN:15,(anonymous_0)
FN:18,(anonymous_1)
FN:27,(anonymous_2)
FN:42,(anonymous_3)
FN:42,(anonymous_4)
FN:45,(anonymous_5)
FN:61,(anonymous_6)
FN:61,(anonymous_7)
FN:64,(anonymous_8)
FNF:9
FNH:8
FNDA:12,(anonymous_0)
FNDA:10,(anonymous_1)
FNDA:10,(anonymous_2)
FNDA:10,(anonymous_3)
FNDA:10,(anonymous_4)
FNDA:1,(anonymous_5)
FNDA:10,(anonymous_6)
FNDA:10,(anonymous_7)
FNDA:0,(anonymous_8)
DA:1,6
DA:15,6
DA:16,12
DA:18,11
DA:19,1
DA:27,10
DA:28,10
DA:29,10
DA:31,10
DA:42,10
DA:43,10
DA:45,1
DA:61,10
DA:62,10
DA:64,0
DA:85,6
LF:16
LH:15
BRDA:18,0,0,1
BRDA:28,1,0,10
BRDA:28,1,1,10
BRDA:29,2,0,10
BRDA:29,2,1,10
BRDA:37,3,0,10
BRDA:37,3,1,10
BRDA:56,4,0,10
BRDA:56,4,1,10
BRF:9
BRH:9
end_of_record
TN:
SF:src/components/ui/checkbox.tsx
FN:10,(anonymous_6)
FNF:1
FNH:1
FNDA:8,(anonymous_6)
DA:1,5
DA:2,5
DA:3,5
DA:5,5
DA:7,5
DA:11,8
DA:26,5
DA:28,5
LF:8
LH:8
BRF:0
BRH:0
end_of_record
TN:
SF:src/data/tooltip.tsx
FNF:0
FNH:0
DA:1,6
LF:1
LH:1
BRF:0
BRH:0
end_of_record
TN:
SF:src/tests/test-utils.ts
FNF:0
FNH:0
DA:1,3
DA:139,3
DA:341,3
DA:639,3
DA:795,3
LF:5
LH:5
BRF:0
BRH:0
end_of_record
TN:
SF:src/utils/templates.ts
FNF:0
FNH:0
DA:1,7
DA:3,7
DA:16,7
DA:26,7
DA:33,7
DA:38,7
DA:49,7
LF:7
LH:7
BRF:0
BRH:0
end_of_record
