TN:
SF:src/App.tsx
FN:40,App
FN:81,(anonymous_2)
FN:83,(anonymous_3)
FN:92,(anonymous_4)
FN:99,(anonymous_5)
FN:106,(anonymous_6)
FN:123,(anonymous_7)
FN:125,(anonymous_8)
FN:138,(anonymous_9)
FN:141,(anonymous_10)
FN:146,(anonymous_11)
FN:150,(anonymous_12)
FN:160,(anonymous_13)
FN:161,(anonymous_14)
FN:162,(anonymous_15)
FN:162,(anonymous_16)
FN:168,(anonymous_17)
FN:171,(anonymous_18)
FN:172,(anonymous_19)
FN:175,(anonymous_20)
FN:179,(anonymous_21)
FN:181,(anonymous_22)
FN:187,(anonymous_23)
FN:191,(anonymous_24)
FN:195,(anonymous_25)
FN:203,(anonymous_26)
FN:216,(anonymous_27)
FN:227,(anonymous_28)
FN:228,(anonymous_29)
FN:236,(anonymous_30)
FN:242,(anonymous_31)
FN:255,(anonymous_32)
FN:261,(anonymous_33)
FN:263,(anonymous_34)
FN:284,(anonymous_35)
FN:286,(anonymous_36)
FN:290,(anonymous_37)
FN:300,(anonymous_38)
FN:301,(anonymous_39)
FN:307,(anonymous_40)
FN:308,(anonymous_41)
FN:319,(anonymous_42)
FN:339,(anonymous_43)
FN:342,(anonymous_44)
FN:353,(anonymous_45)
FN:366,(anonymous_46)
FN:389,(anonymous_47)
FN:394,(anonymous_48)
FN:406,(anonymous_49)
FN:428,(anonymous_50)
FN:438,(anonymous_51)
FN:445,(anonymous_52)
FN:448,(anonymous_53)
FN:479,(anonymous_54)
FN:486,(anonymous_55)
FN:509,(anonymous_56)
FN:534,(anonymous_57)
FN:601,(anonymous_58)
FN:605,(anonymous_59)
FN:709,(anonymous_60)
FNF:60
FNH:19
FNDA:50,App
FNDA:3,(anonymous_2)
FNDA:0,(anonymous_3)
FNDA:0,(anonymous_4)
FNDA:3,(anonymous_5)
FNDA:3,(anonymous_6)
FNDA:3,(anonymous_7)
FNDA:3,(anonymous_8)
FNDA:3,(anonymous_9)
FNDA:0,(anonymous_10)
FNDA:0,(anonymous_11)
FNDA:0,(anonymous_12)
FNDA:0,(anonymous_13)
FNDA:0,(anonymous_14)
FNDA:0,(anonymous_15)
FNDA:0,(anonymous_16)
FNDA:0,(anonymous_17)
FNDA:2,(anonymous_18)
FNDA:8,(anonymous_19)
FNDA:0,(anonymous_20)
FNDA:0,(anonymous_21)
FNDA:0,(anonymous_22)
FNDA:0,(anonymous_23)
FNDA:3,(anonymous_24)
FNDA:1,(anonymous_25)
FNDA:0,(anonymous_26)
FNDA:0,(anonymous_27)
FNDA:0,(anonymous_28)
FNDA:0,(anonymous_29)
FNDA:0,(anonymous_30)
FNDA:0,(anonymous_31)
FNDA:0,(anonymous_32)
FNDA:0,(anonymous_33)
FNDA:0,(anonymous_34)
FNDA:0,(anonymous_35)
FNDA:0,(anonymous_36)
FNDA:0,(anonymous_37)
FNDA:0,(anonymous_38)
FNDA:0,(anonymous_39)
FNDA:0,(anonymous_40)
FNDA:0,(anonymous_41)
FNDA:0,(anonymous_42)
FNDA:0,(anonymous_43)
FNDA:0,(anonymous_44)
FNDA:0,(anonymous_45)
FNDA:13,(anonymous_46)
FNDA:1,(anonymous_47)
FNDA:1,(anonymous_48)
FNDA:117,(anonymous_49)
FNDA:0,(anonymous_50)
FNDA:20,(anonymous_51)
FNDA:275,(anonymous_52)
FNDA:0,(anonymous_53)
FNDA:0,(anonymous_54)
FNDA:0,(anonymous_55)
FNDA:1,(anonymous_56)
FNDA:0,(anonymous_57)
FNDA:5,(anonymous_58)
FNDA:0,(anonymous_59)
FNDA:0,(anonymous_60)
DA:1,5
DA:2,5
DA:3,5
DA:4,5
DA:5,5
DA:6,5
DA:7,5
DA:8,5
DA:9,5
DA:10,5
DA:11,5
DA:12,5
DA:13,5
DA:14,5
DA:15,5
DA:16,5
DA:17,5
DA:18,5
DA:19,5
DA:20,5
DA:21,5
DA:22,5
DA:23,5
DA:24,5
DA:25,5
DA:36,5
DA:37,5
DA:38,5
DA:41,50
DA:42,50
DA:43,50
DA:44,50
DA:45,50
DA:47,50
DA:48,50
DA:49,50
DA:50,50
DA:51,50
DA:52,50
DA:54,50
DA:55,50
DA:57,50
DA:58,50
DA:60,50
DA:61,50
DA:62,50
DA:63,50
DA:64,50
DA:65,50
DA:70,50
DA:71,50
DA:73,50
DA:81,50
DA:82,3
DA:83,3
DA:84,0
DA:85,0
DA:92,50
DA:93,0
DA:99,50
DA:100,3
DA:106,50
DA:107,3
DA:108,3
DA:109,3
DA:110,3
DA:111,3
DA:122,3
DA:124,3
DA:125,3
DA:134,3
DA:135,3
DA:138,3
DA:141,50
DA:142,0
DA:143,0
DA:146,0
DA:150,50
DA:151,0
DA:152,0
DA:153,0
DA:155,0
DA:156,0
DA:157,0
DA:161,0
DA:162,0
DA:163,0
DA:164,0
DA:165,0
DA:168,0
DA:171,50
DA:172,8
DA:175,50
DA:176,0
DA:179,50
DA:180,0
DA:181,0
DA:183,0
DA:187,50
DA:188,0
DA:191,50
DA:192,3
DA:195,50
DA:196,1
DA:197,1
DA:198,1
DA:199,1
DA:200,1
DA:203,50
DA:204,0
DA:216,50
DA:217,0
DA:219,0
DA:220,0
DA:221,0
DA:222,0
DA:223,0
DA:227,50
DA:228,0
DA:229,0
DA:230,0
DA:231,0
DA:232,0
DA:236,50
DA:238,0
DA:239,0
DA:240,0
DA:241,0
DA:242,0
DA:243,0
DA:245,0
DA:248,0
DA:249,0
DA:250,0
DA:252,0
DA:255,50
DA:256,0
DA:257,0
DA:258,0
DA:262,0
DA:263,0
DA:277,0
DA:278,0
DA:279,0
DA:281,0
DA:284,0
DA:286,0
DA:290,50
DA:299,0
DA:300,0
DA:301,0
DA:302,0
DA:304,0
DA:307,0
DA:308,0
DA:309,0
DA:310,0
DA:312,0
DA:315,0
DA:316,0
DA:319,50
DA:322,0
DA:323,0
DA:325,0
DA:326,0
DA:329,0
DA:330,0
DA:339,50
DA:341,0
DA:342,0
DA:343,0
DA:344,0
DA:345,0
DA:347,0
DA:349,0
DA:352,0
DA:353,0
DA:354,0
DA:355,0
DA:356,0
DA:358,0
DA:360,0
DA:362,0
DA:366,50
DA:367,13
DA:368,13
DA:369,13
DA:370,13
DA:371,13
DA:375,50
DA:389,1
DA:394,1
DA:407,117
DA:428,0
DA:439,20
DA:446,275
DA:448,0
DA:479,0
DA:486,0
DA:509,1
DA:535,0
DA:602,5
DA:605,0
DA:709,0
DA:832,5
LF:205
LH:108
BRDA:82,0,0,0
BRDA:82,1,0,3
BRDA:82,1,1,3
BRDA:82,1,2,0
BRDA:86,2,0,0
BRDA:86,2,1,0
BRDA:87,3,0,0
BRDA:87,3,1,0
BRDA:107,4,0,0
BRDA:107,5,0,3
BRDA:107,5,1,3
BRDA:114,6,0,3
BRDA:114,6,1,0
BRDA:115,7,0,0
BRDA:115,7,1,3
BRDA:116,8,0,0
BRDA:116,8,1,3
BRDA:117,9,0,0
BRDA:117,9,1,3
BRDA:142,10,0,0
BRDA:142,10,1,0
BRDA:151,11,0,0
BRDA:151,12,0,0
BRDA:151,12,1,0
BRDA:151,12,2,0
BRDA:151,12,3,0
BRDA:180,13,0,0
BRDA:180,13,1,0
BRDA:221,14,0,0
BRDA:230,15,0,0
BRDA:231,16,0,0
BRDA:238,17,0,0
BRDA:249,18,0,0
BRDA:256,19,0,0
BRDA:256,19,1,0
BRDA:277,20,0,0
BRDA:301,21,0,0
BRDA:309,22,0,0
BRDA:322,23,0,0
BRDA:325,24,0,0
BRDA:343,25,0,0
BRDA:344,26,0,0
BRDA:344,26,1,0
BRDA:354,27,0,0
BRDA:355,28,0,0
BRDA:355,28,1,0
BRDA:369,29,0,13
BRDA:369,30,0,13
BRDA:369,30,1,0
BRDA:404,31,0,50
BRDA:404,31,1,39
BRDA:419,32,0,50
BRDA:419,32,1,11
BRDA:435,33,0,11
BRDA:435,33,1,5
BRDA:515,34,0,50
BRDA:515,34,1,1
BRDA:533,35,0,1
BRDA:533,35,1,0
BRDA:537,36,0,0
BRDA:537,36,1,0
BRDA:551,37,0,3
BRDA:551,37,1,47
BRDA:566,38,0,50
BRDA:566,38,1,5
BRDA:573,39,0,5
BRDA:573,39,1,0
BRDA:576,40,0,0
BRDA:576,40,1,0
BRDA:584,41,0,5
BRDA:584,41,1,0
BRDA:610,42,0,5
BRDA:610,42,1,0
BRDA:613,43,0,5
BRDA:613,43,1,0
BRDA:628,44,0,5
BRDA:628,44,1,0
BRDA:628,45,0,5
BRDA:628,45,1,5
BRDA:629,46,0,0
BRDA:629,46,1,5
BRDA:629,47,0,5
BRDA:629,47,1,5
BRDA:630,48,0,0
BRDA:630,48,1,5
BRDA:630,49,0,5
BRDA:630,49,1,0
BRDA:635,50,0,5
BRDA:635,50,1,0
BRDA:637,51,0,5
BRDA:637,51,1,5
BRDA:643,52,0,5
BRDA:643,52,1,0
BRDA:649,53,0,5
BRDA:649,53,1,0
BRDA:655,54,0,5
BRDA:655,54,1,0
BRDA:666,55,0,5
BRDA:666,55,1,0
BRDA:689,56,0,0
BRDA:689,56,1,50
BRDA:691,57,0,0
BRDA:691,57,1,50
BRDA:717,58,0,0
BRDA:717,58,1,50
BRDA:724,59,0,50
BRDA:724,59,1,0
BRDA:731,60,0,50
BRDA:731,60,1,5
BRDA:737,61,0,50
BRDA:737,61,1,5
BRDA:743,62,0,50
BRDA:743,62,1,5
BRDA:743,63,0,0
BRDA:743,63,1,5
BRDA:751,64,0,50
BRDA:751,64,1,45
BRDA:774,65,0,50
BRDA:774,65,1,0
BRDA:785,66,0,0
BRDA:785,66,1,0
BRDA:804,67,0,50
BRDA:804,67,1,45
BRDA:810,68,0,50
BRDA:810,68,1,0
BRDA:810,68,2,0
BRDA:818,69,0,50
BRDA:818,69,1,0
BRDA:818,69,2,0
BRF:129
BRH:60
end_of_record
TN:
SF:src/main.tsx
FNF:0
FNH:0
DA:1,0
DA:2,0
DA:3,0
DA:4,0
DA:5,0
DA:6,0
DA:8,0
LF:7
LH:0
BRF:0
BRH:0
end_of_record
TN:
SF:src/types.ts
FN:85,(anonymous_0)
FN:121,(anonymous_1)
FN:126,(anonymous_2)
FNF:3
FNH:3
FNDA:6,(anonymous_0)
FNDA:6,(anonymous_1)
FNDA:6,(anonymous_2)
DA:85,6
DA:86,6
DA:87,6
DA:88,6
DA:89,6
DA:90,6
DA:121,6
DA:122,6
DA:123,6
DA:126,6
DA:127,6
DA:128,6
DA:129,6
DA:130,6
DA:131,6
LF:15
LH:15
BRDA:85,0,0,6
BRDA:85,0,1,6
BRDA:121,1,0,6
BRDA:121,1,1,6
BRDA:126,2,0,6
BRDA:126,2,1,6
BRF:6
BRH:6
end_of_record
TN:
SF:src/common/handler.tsx
FN:4,(anonymous_0)
FN:25,(anonymous_1)
FN:35,(anonymous_2)
FNF:3
FNH:3
FNDA:6,(anonymous_0)
FNDA:6,(anonymous_1)
FNDA:2,(anonymous_2)
DA:2,4
DA:4,4
DA:5,6
DA:7,5
DA:8,4
DA:9,4
DA:10,4
DA:11,4
DA:12,4
DA:14,4
DA:15,4
DA:18,1
DA:19,1
DA:21,1
DA:22,1
DA:25,4
DA:26,6
DA:28,3
DA:29,3
DA:30,3
DA:33,3
DA:34,1
DA:35,1
DA:36,2
DA:38,1
DA:41,2
DA:42,1
DA:45,1
LF:28
LH:28
BRDA:5,0,0,5
BRDA:7,1,0,4
BRDA:26,2,0,3
BRDA:33,3,0,1
BRDA:41,4,0,1
BRF:5
BRH:5
end_of_record
TN:
SF:src/components/ChangelogModal.tsx
FN:13,(anonymous_1)
FN:23,(anonymous_2)
FNF:2
FNH:2
FNDA:50,(anonymous_1)
FNDA:1,(anonymous_2)
DA:1,5
DA:2,5
DA:3,5
DA:4,5
DA:5,5
DA:13,5
DA:18,50
DA:20,50
DA:23,1
DA:59,5
LF:10
LH:10
BRF:0
BRH:0
end_of_record
TN:
SF:src/components/CsvImportField.tsx
FN:12,(anonymous_0)
FN:16,(anonymous_1)
FN:27,(anonymous_2)
FN:43,(anonymous_3)
FN:55,(anonymous_4)
FN:56,(anonymous_5)
FN:57,(anonymous_6)
FN:58,(anonymous_7)
FNF:8
FNH:1
FNDA:50,(anonymous_0)
FNDA:0,(anonymous_1)
FNDA:0,(anonymous_2)
FNDA:0,(anonymous_3)
FNDA:0,(anonymous_4)
FNDA:0,(anonymous_5)
FNDA:0,(anonymous_6)
FNDA:0,(anonymous_7)
DA:1,5
DA:3,5
DA:4,5
DA:12,5
DA:13,50
DA:14,50
DA:16,50
DA:17,0
DA:18,0
DA:19,0
DA:20,0
DA:21,0
DA:22,0
DA:23,0
DA:27,50
DA:28,0
DA:29,0
DA:30,0
DA:31,0
DA:33,0
DA:34,0
DA:35,0
DA:36,0
DA:38,0
DA:43,50
DA:44,0
DA:48,50
DA:55,0
DA:56,0
DA:57,0
DA:58,0
DA:69,5
LF:32
LH:11
BRDA:17,0,0,0
BRDA:20,1,0,0
BRDA:20,1,1,0
BRDA:20,2,0,0
BRDA:20,2,1,0
BRDA:22,3,0,0
BRDA:28,4,0,0
BRDA:33,5,0,0
BRDA:33,6,0,0
BRDA:33,6,1,0
BRDA:35,7,0,0
BRDA:35,7,1,0
BRDA:49,8,0,0
BRDA:49,8,1,50
BRDA:52,9,0,0
BRDA:52,9,1,50
BRDA:53,10,0,0
BRDA:53,10,1,50
BRDA:63,11,0,50
BRDA:63,11,1,0
BRF:20
BRH:4
end_of_record
TN:
SF:src/components/ExportDropdown.tsx
FN:17,(anonymous_1)
FN:36,(anonymous_2)
FN:41,(anonymous_3)
FN:85,(anonymous_4)
FN:88,(anonymous_5)
FNF:5
FNH:5
FNDA:53,(anonymous_1)
FNDA:1,(anonymous_2)
FNDA:1,(anonymous_3)
FNDA:159,(anonymous_4)
FNDA:1,(anonymous_5)
DA:1,5
DA:2,5
DA:3,5
DA:5,5
DA:6,5
DA:7,5
DA:8,5
DA:9,5
DA:17,5
DA:19,53
DA:20,53
DA:21,53
DA:36,53
DA:37,1
DA:42,1
DA:43,1
DA:44,1
DA:45,1
DA:46,1
DA:47,1
DA:48,1
DA:49,1
DA:50,1
DA:55,53
DA:63,53
DA:86,159
DA:88,1
DA:99,5
LF:28
LH:28
BRDA:20,0,0,53
BRDA:20,0,1,4
BRDA:67,1,0,50
BRDA:67,1,1,3
BRF:4
BRH:4
end_of_record
TN:
SF:src/components/PaperOperations.tsx
FN:46,(anonymous_1)
FN:91,(anonymous_2)
FN:106,(anonymous_3)
FN:107,(anonymous_4)
FN:110,(anonymous_5)
FN:111,(anonymous_6)
FN:132,(anonymous_7)
FN:147,(anonymous_8)
FN:162,(anonymous_9)
FN:167,(anonymous_10)
FN:169,(anonymous_11)
FN:170,(anonymous_12)
FN:177,(anonymous_13)
FN:185,(anonymous_14)
FN:191,(anonymous_15)
FN:195,(anonymous_16)
FN:204,(anonymous_17)
FN:210,(anonymous_18)
FN:211,(anonymous_19)
FN:221,(anonymous_20)
FN:222,(anonymous_21)
FN:232,(anonymous_22)
FN:239,(anonymous_23)
FN:250,(anonymous_24)
FN:253,(anonymous_25)
FN:257,(anonymous_26)
FN:260,(anonymous_27)
FN:264,(anonymous_28)
FN:273,(anonymous_29)
FN:276,(anonymous_30)
FN:277,(anonymous_31)
FN:283,(anonymous_32)
FN:286,(anonymous_33)
FN:301,(anonymous_34)
FN:308,(anonymous_35)
FN:320,(anonymous_36)
FN:334,(anonymous_37)
FN:342,(anonymous_38)
FN:343,(anonymous_39)
FN:350,(anonymous_40)
FN:354,(anonymous_41)
FN:355,(anonymous_42)
FN:356,(anonymous_43)
FN:401,(anonymous_44)
FN:434,(anonymous_45)
FN:441,(anonymous_46)
FN:471,(anonymous_47)
FN:479,(anonymous_48)
FN:486,(anonymous_49)
FN:503,(anonymous_50)
FN:511,(anonymous_51)
FN:512,(anonymous_52)
FN:518,(anonymous_53)
FN:522,(anonymous_54)
FN:532,(anonymous_55)
FN:545,(anonymous_56)
FNF:56
FNH:7
FNDA:50,(anonymous_1)
FNDA:250,(anonymous_2)
FNDA:250,(anonymous_3)
FNDA:0,(anonymous_4)
FNDA:50,(anonymous_5)
FNDA:0,(anonymous_6)
FNDA:50,(anonymous_7)
FNDA:50,(anonymous_8)
FNDA:0,(anonymous_9)
FNDA:0,(anonymous_10)
FNDA:0,(anonymous_11)
FNDA:0,(anonymous_12)
FNDA:0,(anonymous_13)
FNDA:0,(anonymous_14)
FNDA:0,(anonymous_15)
FNDA:0,(anonymous_16)
FNDA:0,(anonymous_17)
FNDA:0,(anonymous_18)
FNDA:0,(anonymous_19)
FNDA:0,(anonymous_20)
FNDA:0,(anonymous_21)
FNDA:0,(anonymous_22)
FNDA:0,(anonymous_23)
FNDA:0,(anonymous_24)
FNDA:0,(anonymous_25)
FNDA:0,(anonymous_26)
FNDA:0,(anonymous_27)
FNDA:0,(anonymous_28)
FNDA:0,(anonymous_29)
FNDA:0,(anonymous_30)
FNDA:0,(anonymous_31)
FNDA:0,(anonymous_32)
FNDA:0,(anonymous_33)
FNDA:0,(anonymous_34)
FNDA:0,(anonymous_35)
FNDA:0,(anonymous_36)
FNDA:0,(anonymous_37)
FNDA:0,(anonymous_38)
FNDA:0,(anonymous_39)
FNDA:0,(anonymous_40)
FNDA:0,(anonymous_41)
FNDA:0,(anonymous_42)
FNDA:0,(anonymous_43)
FNDA:250,(anonymous_44)
FNDA:0,(anonymous_45)
FNDA:0,(anonymous_46)
FNDA:0,(anonymous_47)
FNDA:0,(anonymous_48)
FNDA:0,(anonymous_49)
FNDA:0,(anonymous_50)
FNDA:0,(anonymous_51)
FNDA:0,(anonymous_52)
FNDA:0,(anonymous_53)
FNDA:0,(anonymous_54)
FNDA:0,(anonymous_55)
FNDA:0,(anonymous_56)
DA:1,5
DA:2,5
DA:3,5
DA:4,5
DA:5,5
DA:6,5
DA:7,5
DA:8,5
DA:9,5
DA:10,5
DA:11,5
DA:12,5
DA:14,5
DA:15,5
DA:16,5
DA:17,5
DA:18,5
DA:19,5
DA:20,5
DA:21,5
DA:22,5
DA:23,5
DA:24,5
DA:25,5
DA:26,5
DA:27,5
DA:46,5
DA:55,50
DA:57,50
DA:58,50
DA:59,50
DA:60,50
DA:61,50
DA:63,50
DA:91,50
DA:92,250
DA:94,50
DA:96,50
DA:98,50
DA:100,50
DA:102,50
DA:106,50
DA:107,250
DA:110,50
DA:111,50
DA:112,0
DA:113,0
DA:115,0
DA:116,0
DA:118,0
DA:119,0
DA:121,0
DA:122,0
DA:124,0
DA:125,0
DA:127,0
DA:132,50
DA:133,50
DA:135,0
DA:137,0
DA:139,0
DA:141,0
DA:143,50
DA:147,50
DA:148,50
DA:150,0
DA:152,0
DA:154,0
DA:156,0
DA:158,50
DA:162,50
DA:163,0
DA:164,0
DA:168,0
DA:169,0
DA:170,0
DA:171,0
DA:176,0
DA:177,0
DA:182,0
DA:186,0
DA:187,0
DA:191,50
DA:192,0
DA:195,50
DA:196,0
DA:197,0
DA:198,0
DA:199,0
DA:205,0
DA:206,0
DA:208,0
DA:209,0
DA:210,0
DA:211,0
DA:212,0
DA:213,0
DA:214,0
DA:217,0
DA:219,0
DA:220,0
DA:221,0
DA:222,0
DA:223,0
DA:224,0
DA:225,0
DA:228,0
DA:233,0
DA:234,0
DA:235,0
DA:239,50
DA:244,0
DA:251,0
DA:252,0
DA:253,0
DA:254,0
DA:257,0
DA:260,50
DA:261,0
DA:264,50
DA:265,0
DA:266,0
DA:267,0
DA:275,0
DA:276,0
DA:277,0
DA:278,0
DA:280,0
DA:283,0
DA:286,50
DA:289,0
DA:290,0
DA:291,0
DA:292,0
DA:293,0
DA:294,0
DA:297,0
DA:300,0
DA:301,0
DA:302,0
DA:303,0
DA:304,0
DA:307,0
DA:308,0
DA:309,0
DA:313,0
DA:314,0
DA:315,0
DA:317,0
DA:320,50
DA:321,0
DA:322,0
DA:323,0
DA:325,0
DA:334,50
DA:335,0
DA:336,0
DA:337,0
DA:339,0
DA:342,50
DA:343,0
DA:344,0
DA:345,0
DA:347,0
DA:350,50
DA:352,0
DA:353,0
DA:354,0
DA:355,0
DA:356,0
DA:360,0
DA:366,50
DA:374,50
DA:402,250
DA:434,0
DA:441,0
DA:472,0
DA:479,0
DA:486,0
DA:504,0
DA:512,0
DA:513,0
DA:514,0
DA:519,0
DA:523,0
DA:524,0
DA:525,0
DA:533,0
DA:546,0
DA:547,0
DA:548,0
DA:607,5
LF:192
LH:66
BRDA:57,0,0,50
BRDA:57,0,1,2
BRDA:92,1,0,50
BRDA:92,1,1,50
BRDA:92,1,2,50
BRDA:92,1,3,50
BRDA:92,1,4,50
BRDA:113,2,0,0
BRDA:113,2,1,0
BRDA:113,2,2,0
BRDA:113,2,3,0
BRDA:113,2,4,0
BRDA:133,3,0,0
BRDA:133,3,1,0
BRDA:133,3,2,0
BRDA:133,3,3,0
BRDA:133,3,4,50
BRDA:148,4,0,0
BRDA:148,4,1,0
BRDA:148,4,2,0
BRDA:148,4,3,0
BRDA:148,4,4,50
BRDA:196,5,0,0
BRDA:208,6,0,0
BRDA:208,6,1,0
BRDA:212,7,0,0
BRDA:219,8,0,0
BRDA:223,9,0,0
BRDA:265,10,0,0
BRDA:291,11,0,0
BRDA:297,12,0,0
BRDA:302,13,0,0
BRDA:302,14,0,0
BRDA:302,14,1,0
BRDA:307,15,0,0
BRDA:313,16,0,0
BRDA:321,17,0,0
BRDA:335,18,0,0
BRDA:344,19,0,0
BRDA:352,20,0,0
BRDA:352,21,0,0
BRDA:352,21,1,0
BRDA:352,21,2,0
BRDA:382,22,0,48
BRDA:382,22,1,2
BRDA:417,23,0,50
BRDA:417,23,1,0
BRDA:471,24,0,0
BRDA:471,24,1,0
BRDA:471,24,2,0
BRDA:495,25,0,0
BRDA:495,25,1,0
BRDA:495,25,2,0
BRDA:511,26,0,0
BRDA:511,26,1,0
BRDA:513,27,0,0
BRDA:521,28,0,0
BRDA:521,28,1,0
BRDA:533,29,0,0
BRDA:540,30,0,0
BRDA:540,30,1,0
BRDA:544,31,0,0
BRDA:544,31,1,0
BRDA:570,32,0,0
BRDA:570,32,1,0
BRDA:578,33,0,50
BRDA:578,33,1,50
BRDA:591,34,0,50
BRDA:591,34,1,50
BRDA:594,35,0,0
BRDA:594,35,1,50
BRF:71
BRH:17
end_of_record
TN:
SF:src/components/PublicationRow.tsx
FN:30,(anonymous_1)
FN:43,(anonymous_2)
FN:54,(anonymous_3)
FN:63,(anonymous_4)
FN:65,(anonymous_5)
FN:77,(anonymous_6)
FN:79,(anonymous_7)
FN:91,(anonymous_8)
FN:93,(anonymous_9)
FN:104,(anonymous_10)
FN:111,(anonymous_11)
FN:113,(anonymous_12)
FN:117,(anonymous_13)
FN:120,(anonymous_14)
FN:133,(anonymous_15)
FN:140,(anonymous_16)
FN:143,(anonymous_17)
FN:149,(anonymous_18)
FN:165,(anonymous_19)
FN:174,(anonymous_20)
FN:184,(anonymous_21)
FN:262,(anonymous_22)
FN:309,(anonymous_23)
FNF:23
FNH:5
FNDA:20,(anonymous_1)
FNDA:20,(anonymous_2)
FNDA:20,(anonymous_3)
FNDA:0,(anonymous_4)
FNDA:0,(anonymous_5)
FNDA:0,(anonymous_6)
FNDA:0,(anonymous_7)
FNDA:0,(anonymous_8)
FNDA:0,(anonymous_9)
FNDA:0,(anonymous_10)
FNDA:0,(anonymous_11)
FNDA:0,(anonymous_12)
FNDA:0,(anonymous_13)
FNDA:0,(anonymous_14)
FNDA:20,(anonymous_15)
FNDA:0,(anonymous_16)
FNDA:0,(anonymous_17)
FNDA:12,(anonymous_18)
FNDA:0,(anonymous_19)
FNDA:0,(anonymous_20)
FNDA:0,(anonymous_21)
FNDA:0,(anonymous_22)
FNDA:0,(anonymous_23)
DA:1,5
DA:3,5
DA:4,5
DA:5,5
DA:6,5
DA:7,5
DA:8,5
DA:30,5
DA:41,20
DA:43,20
DA:44,20
DA:46,0
DA:48,0
DA:50,20
DA:54,20
DA:55,20
DA:56,0
DA:57,20
DA:58,0
DA:60,20
DA:63,20
DA:64,0
DA:65,0
DA:66,0
DA:67,0
DA:72,0
DA:74,0
DA:77,20
DA:78,0
DA:79,0
DA:80,0
DA:81,0
DA:86,0
DA:88,0
DA:91,20
DA:92,0
DA:93,0
DA:94,0
DA:100,0
DA:104,20
DA:105,0
DA:107,0
DA:112,0
DA:113,0
DA:114,0
DA:115,0
DA:116,0
DA:117,0
DA:119,0
DA:120,0
DA:122,0
DA:128,0
DA:133,20
DA:134,20
DA:135,0
DA:137,20
DA:140,20
DA:141,0
DA:142,0
DA:143,0
DA:144,0
DA:146,0
DA:149,20
DA:150,12
DA:153,20
DA:165,0
DA:174,0
DA:184,0
DA:262,0
DA:310,0
DA:325,5
LF:71
LH:28
BRDA:44,0,0,0
BRDA:44,0,1,0
BRDA:44,0,2,20
BRDA:55,1,0,0
BRDA:55,1,1,20
BRDA:57,2,0,0
BRDA:64,3,0,0
BRDA:66,4,0,0
BRDA:78,5,0,0
BRDA:80,6,0,0
BRDA:92,7,0,0
BRDA:105,8,0,0
BRDA:116,9,0,0
BRDA:116,10,0,0
BRDA:116,10,1,0
BRDA:119,11,0,0
BRDA:119,12,0,0
BRDA:119,12,1,0
BRDA:134,13,0,0
BRDA:142,14,0,0
BRDA:150,15,0,0
BRDA:161,16,0,20
BRDA:161,16,1,0
BRDA:161,16,2,0
BRDA:170,17,0,20
BRDA:170,17,1,0
BRDA:170,17,2,0
BRDA:179,18,0,20
BRDA:179,18,1,20
BRDA:179,18,2,20
BRDA:179,18,3,20
BRDA:179,18,4,20
BRDA:188,19,0,20
BRDA:188,19,1,0
BRDA:188,19,2,0
BRDA:188,19,3,0
BRDA:190,20,0,0
BRDA:190,20,1,0
BRDA:208,21,0,20
BRDA:208,21,1,0
BRDA:208,21,2,0
BRDA:208,21,3,0
BRDA:210,22,0,0
BRDA:210,22,1,0
BRDA:253,23,0,20
BRDA:253,23,1,0
BRDA:257,24,0,0
BRDA:257,24,1,0
BRDA:262,25,0,0
BRDA:262,25,1,0
BRDA:265,26,0,0
BRDA:265,26,1,0
BRDA:268,27,0,0
BRDA:268,27,1,0
BRDA:271,28,0,0
BRDA:271,28,1,0
BRDA:283,29,0,0
BRDA:283,29,1,0
BRDA:284,30,0,0
BRDA:284,30,1,0
BRDA:287,31,0,0
BRDA:287,31,1,0
BRDA:291,32,0,0
BRDA:291,32,1,0
BRDA:307,33,0,20
BRDA:307,33,1,20
BRDA:307,33,2,20
BRDA:307,33,3,0
BRDA:307,33,4,0
BRDA:307,33,5,0
BRDA:307,33,6,0
BRDA:312,34,0,0
BRDA:312,34,1,0
BRDA:312,35,0,0
BRDA:312,35,1,0
BRDA:315,36,0,0
BRDA:315,36,1,0
BRDA:315,37,0,0
BRDA:315,37,1,0
BRF:79
BRH:15
end_of_record
TN:
SF:src/components/PublicationTable.tsx
FN:16,(anonymous_1)
FN:110,(anonymous_2)
FN:111,(anonymous_3)
FN:121,(anonymous_4)
FN:130,(anonymous_5)
FN:148,(anonymous_6)
FN:157,(anonymous_7)
FN:167,(anonymous_8)
FN:177,(anonymous_9)
FN:201,(anonymous_10)
FN:222,(anonymous_11)
FNF:11
FNH:4
FNDA:50,(anonymous_1)
FNDA:0,(anonymous_2)
FNDA:0,(anonymous_3)
FNDA:0,(anonymous_4)
FNDA:700,(anonymous_5)
FNDA:700,(anonymous_6)
FNDA:0,(anonymous_7)
FNDA:0,(anonymous_8)
FNDA:20,(anonymous_9)
FNDA:0,(anonymous_10)
FNDA:0,(anonymous_11)
DA:2,5
DA:3,5
DA:16,5
DA:27,50
DA:30,50
DA:109,50
DA:110,50
DA:111,0
DA:112,0
DA:113,0
DA:114,0
DA:115,0
DA:116,0
DA:118,0
DA:121,0
DA:122,0
DA:123,0
DA:126,0
DA:127,0
DA:130,50
DA:131,700
DA:132,250
DA:133,450
DA:134,450
DA:136,0
DA:139,50
DA:149,700
DA:150,250
DA:157,0
DA:168,0
DA:179,20
DA:181,20
DA:182,20
DA:200,20
DA:201,0
DA:202,0
DA:221,20
DA:222,0
DA:223,0
DA:240,20
DA:249,5
LF:41
LH:22
BRDA:113,0,0,0
BRDA:131,1,0,250
BRDA:131,1,1,450
BRDA:133,2,0,450
BRDA:149,3,0,250
BRDA:165,4,0,50
BRDA:165,4,1,50
BRDA:165,4,2,5
BRDA:165,4,3,0
BRDA:165,4,4,0
BRDA:165,4,5,0
BRDA:165,4,6,0
BRDA:177,5,0,50
BRDA:177,5,1,50
BRDA:177,5,2,5
BRDA:181,6,0,20
BRDA:181,7,0,20
BRDA:181,7,1,0
BRDA:200,8,0,0
BRDA:200,9,0,20
BRDA:200,9,1,0
BRDA:200,9,2,0
BRDA:221,10,0,0
BRDA:221,11,0,20
BRDA:221,11,1,0
BRDA:221,11,2,0
BRF:26
BRH:14
end_of_record
TN:
SF:src/components/SearchAppBar.tsx
FN:8,(anonymous_0)
FN:19,(anonymous_1)
FN:29,(anonymous_2)
FNF:3
FNH:2
FNDA:50,(anonymous_0)
FNDA:0,(anonymous_1)
FNDA:3,(anonymous_2)
DA:1,5
DA:8,5
DA:9,50
DA:10,50
DA:19,0
DA:29,3
DA:36,5
LF:7
LH:6
BRF:0
BRH:0
end_of_record
TN:
SF:src/components/SearchTermAutocomplete.tsx
FN:17,(anonymous_1)
FN:40,(anonymous_2)
FN:44,(anonymous_3)
FN:45,(anonymous_4)
FN:46,(anonymous_5)
FN:59,(anonymous_6)
FNF:6
FNH:2
FNDA:117,(anonymous_1)
FNDA:0,(anonymous_2)
FNDA:0,(anonymous_3)
FNDA:0,(anonymous_4)
FNDA:0,(anonymous_5)
FNDA:162,(anonymous_6)
DA:1,5
DA:2,5
DA:4,5
DA:5,5
DA:17,5
DA:25,117
DA:27,117
DA:28,117
DA:30,117
DA:41,0
DA:42,0
DA:44,0
DA:46,0
DA:47,0
DA:60,162
DA:73,5
LF:16
LH:11
BRDA:65,0,0,162
BRDA:65,0,1,0
BRF:2
BRH:1
end_of_record
TN:
SF:src/components/UsabilityGuide.tsx
FN:14,(anonymous_1)
FN:26,(anonymous_2)
FNF:2
FNH:2
FNDA:50,(anonymous_1)
FNDA:2,(anonymous_2)
DA:1,5
DA:2,5
DA:3,5
DA:4,5
DA:5,5
DA:14,5
DA:19,50
DA:23,50
DA:26,2
DA:233,5
LF:10
LH:10
BRF:0
BRH:0
end_of_record
TN:
SF:src/data/tooltip.tsx
FNF:0
FNH:0
DA:1,5
LF:1
LH:1
BRF:0
BRH:0
end_of_record
TN:
SF:src/tests/test-utils.ts
FNF:0
FNH:0
DA:1,3
DA:139,3
LF:2
LH:2
BRF:0
BRH:0
end_of_record
TN:
SF:src/utils/templates.ts
FNF:0
FNH:0
DA:1,5
DA:3,5
DA:16,5
DA:26,5
DA:33,5
DA:38,5
DA:49,5
LF:7
LH:7
BRF:0
BRH:0
end_of_record
TN:
SF:src/utils/validators.ts
FN:10,(anonymous_0)
FN:40,(anonymous_1)
FN:69,(anonymous_2)
FN:89,(anonymous_3)
FN:92,(anonymous_4)
FN:131,(anonymous_5)
FN:134,(anonymous_6)
FNF:7
FNH:7
FNDA:16,(anonymous_0)
FNDA:12,(anonymous_1)
FNDA:12,(anonymous_2)
FNDA:10,(anonymous_3)
FNDA:35,(anonymous_4)
FNDA:7,(anonymous_5)
FNDA:29,(anonymous_6)
DA:1,6
DA:2,6
DA:10,6
DA:11,16
DA:12,1
DA:13,1
DA:15,15
DA:16,1
DA:17,1
DA:19,14
DA:20,1
DA:21,1
DA:23,13
DA:24,12
DA:26,1
DA:40,6
DA:42,12
DA:43,2
DA:44,2
DA:47,10
DA:48,3
DA:49,3
DA:52,7
DA:53,2
DA:54,2
DA:57,5
DA:69,6
DA:70,12
DA:71,12
DA:72,299
DA:73,6
DA:74,293
DA:75,6
DA:76,1
DA:77,1
DA:79,5
DA:82,11
DA:83,1
DA:84,1
DA:86,10
DA:89,6
DA:90,10
DA:91,10
DA:92,35
DA:94,10
DA:95,10
DA:97,10
DA:98,1
DA:99,1
DA:102,9
DA:103,1
DA:104,1
DA:107,8
DA:108,8
DA:109,31
DA:110,13
DA:112,18
DA:113,1
DA:114,1
DA:116,17
DA:119,7
DA:131,6
DA:132,7
DA:133,7
DA:134,29
DA:137,7
DA:139,29
DA:140,29
DA:143,29
DA:144,1
DA:145,1
DA:149,28
DA:150,1
DA:151,1
DA:154,5
LF:75
LH:75
BRDA:11,0,0,1
BRDA:11,1,0,16
BRDA:11,1,1,14
BRDA:15,2,0,1
BRDA:19,3,0,1
BRDA:19,4,0,14
BRDA:19,4,1,2
BRDA:23,5,0,12
BRDA:23,6,0,13
BRDA:23,6,1,12
BRDA:42,7,0,2
BRDA:47,8,0,3
BRDA:52,9,0,2
BRDA:72,10,0,6
BRDA:72,10,1,293
BRDA:74,11,0,6
BRDA:75,12,0,1
BRDA:82,13,0,1
BRDA:91,14,0,10
BRDA:91,14,1,1
BRDA:97,15,0,1
BRDA:102,16,0,1
BRDA:109,17,0,13
BRDA:109,17,1,18
BRDA:112,18,0,1
BRDA:112,19,0,18
BRDA:112,19,1,8
BRDA:133,20,0,7
BRDA:133,20,1,1
BRDA:139,21,0,29
BRDA:139,21,1,21
BRDA:140,22,0,29
BRDA:140,22,1,21
BRDA:143,23,0,1
BRDA:143,24,0,29
BRDA:143,24,1,8
BRDA:149,25,0,1
BRDA:149,26,0,28
BRDA:149,26,1,21
BRF:39
BRH:39
end_of_record
